<?xml version="1.0" encoding="UTF-8"?>
<!-- Generated by org.testng.reporters.JUnitReportReporter -->
<testsuite hostname="USER-PC" name="tests.TestRunner" tests="2" failures="0" timestamp="23 Jun 2017 21:47:15 GMT" time="4.678" errors="0">
  <testcase name="doLogout" time="1.103" classname="tests.TestRunner"/>
  <testcase name="verifyLoginQA" time="3.575" classname="tests.TestRunner"/>
</testsuite> <!-- tests.TestRunner -->
